<?xml version="1.0" encoding="UTF-8"?>
<!-- Generated by org.testng.reporters.JUnitReportReporter -->
<testsuite hostname="DESKTOP-HOBI2KU" failures="0" tests="1" name="TestNGPack2.Class1" time="74.571" errors="0" timestamp="2023-01-20T14:23:27 IST" skipped="0">
  <testcase classname="TestNGPack2.Class1" name="sql" time="74.571"/>
  <system-out>
    <![CDATA[method of class!!]]>
  </system-out>
</testsuite> <!-- TestNGPack2.Class1 -->
