<?xml version="1.0" encoding="UTF-8"?>
<!-- Generated by org.testng.reporters.JUnitReportReporter -->
<testsuite hostname="DESKTOP-HOBI2KU" failures="0" tests="1" name="TestNGPack2.NoAnnotations" time="0.011" errors="0" timestamp="2023-01-20T15:22:53 IST" skipped="0">
  <testcase classname="TestNGPack2.NoAnnotations" name="test" time="0.011"/>
  <system-out>
    <![CDATA[@Test Annotations]]>
  </system-out>
</testsuite> <!-- TestNGPack2.NoAnnotations -->
