<?xml version="1.0" encoding="UTF-8"?>
<!-- Generated by org.testng.reporters.JUnitReportReporter -->
<testsuite hostname="DESKTOP-HOBI2KU" failures="0" tests="10" name="TestNGPack2.Flag3" time="19.146" errors="0" timestamp="2023-01-20T14:38:24 IST" skipped="0">
  <testcase classname="TestNGPack2.Flag3" name="Flag3" time="2.138"/>
  <system-out/>
  <testcase classname="TestNGPack2.Flag3" name="Flag3" time="1.765"/>
  <system-out/>
  <testcase classname="TestNGPack2.Flag3" name="Flag3" time="1.619"/>
  <system-out/>
  <testcase classname="TestNGPack2.Flag3" name="Flag3" time="1.720"/>
  <system-out/>
  <testcase classname="TestNGPack2.Flag3" name="Flag3" time="1.891"/>
  <system-out/>
  <testcase classname="TestNGPack2.Flag3" name="Flag3" time="1.964"/>
  <system-out/>
  <testcase classname="TestNGPack2.Flag3" name="Flag3" time="1.555"/>
  <system-out/>
  <testcase classname="TestNGPack2.Flag3" name="Flag3" time="1.614"/>
  <system-out/>
  <testcase classname="TestNGPack2.Flag3" name="Flag3" time="3.288"/>
  <system-out/>
  <testcase classname="TestNGPack2.Flag3" name="Flag3" time="1.592"/>
  <system-out/>
</testsuite> <!-- TestNGPack2.Flag3 -->
