<?xml version="1.0" encoding="UTF-8"?>
<!-- Generated by org.testng.reporters.JUnitReportReporter -->
<testsuite hostname="DESKTOP-HOBI2KU" failures="0" tests="1" name="TestNGPack2.Class2" time="70.968" errors="0" timestamp="2023-01-20T14:28:25 IST" skipped="0">
  <testcase classname="TestNGPack2.Class2" name="Manual" time="70.968"/>
  <system-out/>
</testsuite> <!-- TestNGPack2.Class2 -->
