<?xml version="1.0" encoding="UTF-8"?>
<!-- Generated by org.testng.reporters.JUnitReportReporter -->
<testsuite hostname="DESKTOP-HOBI2KU" failures="0" tests="2" name="TestNGParallelExecution.TestNG4" time="0.019" errors="0" timestamp="2023-01-23T14:42:34 IST" skipped="0">
  <testcase classname="TestNGParallelExecution.TestNG4" name="tomorrow" time="0.002"/>
  <system-out>
    <![CDATA[tomorrow method1is the thread]]>
  </system-out>
  <testcase classname="TestNGParallelExecution.TestNG4" name="today" time="0.017"/>
  <system-out>
    <![CDATA[today method1is the thread]]>
  </system-out>
</testsuite> <!-- TestNGParallelExecution.TestNG4 -->
