<?xml version="1.0" encoding="UTF-8"?>
<!-- Generated by org.testng.reporters.JUnitReportReporter -->
<testsuite hostname="DESKTOP-HOBI2KU" failures="0" tests="2" name="TestNGParallelExecution.TestNg3" time="0.019" errors="0" timestamp="2023-01-23T14:40:09 IST" skipped="0">
  <testcase classname="TestNGParallelExecution.TestNg3" name="method1" time="0.016"/>
  <system-out>
    <![CDATA[i am a method1]]>
  </system-out>
  <testcase classname="TestNGParallelExecution.TestNg3" name="method2" time="0.003"/>
  <system-out>
    <![CDATA[i am a method2]]>
  </system-out>
</testsuite> <!-- TestNGParallelExecution.TestNg3 -->
