<?xml version="1.0" encoding="UTF-8"?>
<!-- Generated by org.testng.reporters.JUnitReportReporter -->
<testsuite hostname="DESKTOP-HOBI2KU" failures="0" tests="3" name="TestNGPack2.Flag4" time="0.017" errors="0" timestamp="2023-01-20T14:57:23 IST" skipped="0">
  <testcase classname="TestNGPack2.Flag4" name="LogInMethod" time="0.014"/>
  <system-out>
    <![CDATA[Log IN is Done!1]]>
  </system-out>
  <testcase classname="TestNGPack2.Flag4" name="CreateUser" time="0.002"/>
  <system-out>
    <![CDATA[User Create!!]]>
  </system-out>
  <testcase classname="TestNGPack2.Flag4" name="LogOutMethod" time="0.001"/>
  <system-out>
    <![CDATA[Log Out Done!!]]>
  </system-out>
</testsuite> <!-- TestNGPack2.Flag4 -->
